<?xml version="1.0" encoding="UTF-8"?>
<testsuite xmlns:xsi="http://www.w3.org/2001/XMLSchema-instance" xsi:noNamespaceSchemaLocation="https://maven.apache.org/surefire/maven-surefire-plugin/xsd/surefire-test-report.xsd" name="com.oracle.helidon.AppTest" time="0.054" tests="1" errors="0" skipped="0" failures="0">
  <properties>
    <property name="gopherProxySet" value="false"/>
    <property name="awt.toolkit" value="sun.lwawt.macosx.LWCToolkit"/>
    <property name="java.specification.version" value="10"/>
    <property name="file.encoding.pkg" value="sun.io"/>
    <property name="sun.cpu.isalist" value=""/>
    <property name="sun.jnu.encoding" value="UTF-8"/>
    <property name="java.class.path" value="/Users/szern/Projects/java/src/github.com/sherwoodzern/service-mesh-workshop/EnvoyTrace/target/test-classes:/Users/szern/Projects/java/src/github.com/sherwoodzern/service-mesh-workshop/EnvoyTrace/target/classes:/Users/szern/.m2/repository/junit/junit/4.11/junit-4.11.jar:/Users/szern/.m2/repository/org/hamcrest/hamcrest-core/1.3/hamcrest-core-1.3.jar:"/>
    <property name="java.vm.vendor" value="&quot;Oracle Corporation&quot;"/>
    <property name="sun.arch.data.model" value="64"/>
    <property name="java.vendor.url" value="http://java.oracle.com/"/>
    <property name="user.timezone" value=""/>
    <property name="java.vm.specification.version" value="10"/>
    <property name="os.name" value="Mac OS X"/>
    <property name="sun.java.launcher" value="SUN_STANDARD"/>
    <property name="user.country" value="US"/>
    <property name="sun.boot.library.path" value="/Library/Java/JavaVirtualMachines/jdk-10.0.2.jdk/Contents/Home/lib"/>
    <property name="sun.java.command" value="/Users/szern/Projects/java/src/github.com/sherwoodzern/service-mesh-workshop/EnvoyTrace/target/surefire/surefirebooter1500623017791238455.jar /Users/szern/Projects/java/src/github.com/sherwoodzern/service-mesh-workshop/EnvoyTrace/target/surefire 2019-01-15T19-27-42_184-jvmRun1 surefire7493660293067873609tmp surefire_05035730968133670978tmp"/>
    <property name="http.nonProxyHosts" value="local|*.local|169.254/16|*.169.254/16"/>
    <property name="jdk.debug" value="release"/>
    <property name="surefire.test.class.path" value="/Users/szern/Projects/java/src/github.com/sherwoodzern/service-mesh-workshop/EnvoyTrace/target/test-classes:/Users/szern/Projects/java/src/github.com/sherwoodzern/service-mesh-workshop/EnvoyTrace/target/classes:/Users/szern/.m2/repository/junit/junit/4.11/junit-4.11.jar:/Users/szern/.m2/repository/org/hamcrest/hamcrest-core/1.3/hamcrest-core-1.3.jar:"/>
    <property name="sun.cpu.endian" value="little"/>
    <property name="user.home" value="/Users/szern"/>
    <property name="user.language" value="en"/>
    <property name="java.specification.vendor" value="Oracle Corporation"/>
    <property name="java.version.date" value="2018-07-17"/>
    <property name="java.home" value="/Library/Java/JavaVirtualMachines/jdk-10.0.2.jdk/Contents/Home"/>
    <property name="file.separator" value="/"/>
    <property name="basedir" value="/Users/szern/Projects/java/src/github.com/sherwoodzern/service-mesh-workshop/EnvoyTrace"/>
    <property name="java.vm.compressedOopsMode" value="Zero based"/>
    <property name="line.separator" value="&#10;"/>
    <property name="java.specification.name" value="Java Platform API Specification"/>
    <property name="java.vm.specification.vendor" value="Oracle Corporation"/>
    <property name="java.awt.graphicsenv" value="sun.awt.CGraphicsEnvironment"/>
    <property name="surefire.real.class.path" value="/Users/szern/Projects/java/src/github.com/sherwoodzern/service-mesh-workshop/EnvoyTrace/target/surefire/surefirebooter1500623017791238455.jar"/>
    <property name="sun.management.compiler" value="HotSpot 64-Bit Tiered Compilers"/>
    <property name="ftp.nonProxyHosts" value="local|*.local|169.254/16|*.169.254/16"/>
    <property name="java.runtime.version" value="10.0.2+13"/>
    <property name="user.name" value="szern"/>
    <property name="path.separator" value=":"/>
    <property name="os.version" value="10.13.6"/>
    <property name="java.runtime.name" value="Java(TM) SE Runtime Environment"/>
    <property name="file.encoding" value="UTF-8"/>
    <property name="java.vm.name" value="Java HotSpot(TM) 64-Bit Server VM"/>
    <property name="java.vendor.version" value="18.3"/>
    <property name="localRepository" value="/Users/szern/.m2/repository"/>
    <property name="java.vendor.url.bug" value="http://bugreport.java.com/bugreport/"/>
    <property name="java.io.tmpdir" value="/var/folders/yc/sn9mwmzj7210028s80hzt22h0000gn/T/"/>
    <property name="java.version" value="10.0.2"/>
    <property name="user.dir" value="/Users/szern/Projects/java/src/github.com/sherwoodzern/service-mesh-workshop/EnvoyTrace"/>
    <property name="os.arch" value="x86_64"/>
    <property name="java.vm.specification.name" value="Java Virtual Machine Specification"/>
    <property name="java.awt.printerjob" value="sun.lwawt.macosx.CPrinterJob"/>
    <property name="sun.os.patch.level" value="unknown"/>
    <property name="java.library.path" value="/Users/szern/Library/Java/Extensions:/Library/Java/Extensions:/Network/Library/Java/Extensions:/System/Library/Java/Extensions:/usr/lib/java:."/>
    <property name="java.vendor" value="Oracle Corporation"/>
    <property name="java.vm.info" value="mixed mode"/>
    <property name="java.vm.version" value="10.0.2+13"/>
    <property name="sun.io.unicode.encoding" value="UnicodeBig"/>
    <property name="java.class.version" value="54.0"/>
    <property name="socksNonProxyHosts" value="local|*.local|169.254/16|*.169.254/16"/>
  </properties>
  <testcase name="shouldAnswerWithTrue" classname="com.oracle.helidon.AppTest" time="0.002"/>
</testsuite>